TN:
SF:/Users/mery/Rendu/42/Web/red-tetris/red_tetris_boilerplate/src/client/actions/alert.js
FN:3,alert
FNF:1
FNH:0
FNDA:0,alert
LF:0
LH:0
BRF:0
BRH:0
end_of_record
TN:
SF:/Users/mery/Rendu/42/Web/red-tetris/red_tetris_boilerplate/src/client/actions/game.js
FN:8,loadGameEvent
FN:9,(anonymous_3)
FN:10,(anonymous_4)
FN:21,loadErrorEvent
FN:22,(anonymous_7)
FN:23,(anonymous_8)
FNF:6
FNH:0
FNDA:0,loadGameEvent
FNDA:0,(anonymous_3)
FNDA:0,(anonymous_4)
FNDA:0,loadErrorEvent
FNDA:0,(anonymous_7)
FNDA:0,(anonymous_8)
LF:0
LH:0
BRF:0
BRH:0
end_of_record
TN:
SF:/Users/mery/Rendu/42/Web/red-tetris/red_tetris_boilerplate/src/client/actions/games.js
FN:8,loadGamesEvent
FN:9,(anonymous_3)
FN:10,(anonymous_4)
FNF:3
FNH:0
FNDA:0,loadGamesEvent
FNDA:0,(anonymous_3)
FNDA:0,(anonymous_4)
LF:0
LH:0
BRF:0
BRH:0
end_of_record
TN:
SF:/Users/mery/Rendu/42/Web/red-tetris/red_tetris_boilerplate/src/client/actions/server.js
FN:1,ping
FNF:1
FNH:0
FNDA:0,ping
LF:0
LH:0
BRF:0
BRH:0
end_of_record
TN:
SF:/Users/mery/Rendu/42/Web/red-tetris/red_tetris_boilerplate/src/client/components/Board.js
FN:3,Board
FNF:1
FNH:0
FNDA:0,Board
LF:0
LH:0
BRDA:18,1,0,0
BRDA:17,2,0,0
BRDA:17,2,1,0
BRDA:17,2,2,0
BRDA:17,2,3,0
BRF:5
BRH:0
end_of_record
TN:
SF:/Users/mery/Rendu/42/Web/red-tetris/red_tetris_boilerplate/src/client/components/Game.js
FN:5,Game
FN:23,(anonymous_7)
FN:28,(anonymous_8)
FN:40,getUser
FN:49,(anonymous_10)
FN:57,(anonymous_11)
FN:65,(anonymous_12)
FN:100,checkGameOver
FN:105,isInPiece
FN:119,getContainPiece
FN:123,(anonymous_16)
FN:133,canRotate
FN:148,canMoveDown
FN:162,canMoveLeft
FN:176,canMoveRight
FN:190,canBeReduced
FN:210,reducePiece
FN:221,toReducePiece
FN:237,hideLine
FN:238,(anonymous_25)
FN:251,(anonymous_26)
FN:252,(anonymous_27)
FN:261,getFirstLine
FN:278,sendFilledLines
FN:283,getHiddenLines
FN:299,checkLines
FN:313,sendHiddenLines
FN:319,checkPiece
FN:338,getFormHight
FN:354,getFormLength
FN:370,getFormWidth
FN:391,containPieceForm
FN:405,handleKeyDown
FN:447,getTetris
FNF:34
FNH:0
FNDA:0,Game
FNDA:0,(anonymous_7)
FNDA:0,(anonymous_8)
FNDA:0,getUser
FNDA:0,(anonymous_10)
FNDA:0,(anonymous_11)
FNDA:0,(anonymous_12)
FNDA:0,checkGameOver
FNDA:0,isInPiece
FNDA:0,getContainPiece
FNDA:0,(anonymous_16)
FNDA:0,canRotate
FNDA:0,canMoveDown
FNDA:0,canMoveLeft
FNDA:0,canMoveRight
FNDA:0,canBeReduced
FNDA:0,reducePiece
FNDA:0,toReducePiece
FNDA:0,hideLine
FNDA:0,(anonymous_25)
FNDA:0,(anonymous_26)
FNDA:0,(anonymous_27)
FNDA:0,getFirstLine
FNDA:0,sendFilledLines
FNDA:0,getHiddenLines
FNDA:0,checkLines
FNDA:0,sendHiddenLines
FNDA:0,checkPiece
FNDA:0,getFormHight
FNDA:0,getFormLength
FNDA:0,getFormWidth
FNDA:0,containPieceForm
FNDA:0,handleKeyDown
FNDA:0,getTetris
DA:31,0
DA:41,0
DA:43,0
DA:60,0
DA:101,0
DA:106,0
DA:108,0
DA:110,0
DA:112,0
DA:121,0
DA:124,0
DA:128,0
DA:135,0
DA:136,0
DA:140,0
DA:150,0
DA:152,0
DA:155,0
DA:164,0
DA:166,0
DA:169,0
DA:178,0
DA:180,0
DA:183,0
DA:193,0
DA:195,0
DA:197,0
DA:198,0
DA:202,0
DA:211,0
DA:213,0
DA:222,0
DA:224,0
DA:226,0
DA:229,0
DA:239,0
DA:241,0
DA:243,0
DA:253,0
DA:254,0
DA:255,0
DA:264,0
DA:266,0
DA:268,0
DA:285,0
DA:288,0
DA:290,0
DA:293,0
DA:300,0
DA:303,0
DA:305,0
DA:308,0
DA:315,0
DA:320,0
DA:324,0
DA:325,0
DA:340,0
DA:343,0
DA:345,0
DA:348,0
DA:356,0
DA:359,0
DA:361,0
DA:364,0
DA:374,0
DA:376,0
DA:378,0
DA:380,0
DA:382,0
DA:393,0
DA:395,0
DA:398,0
DA:413,0
DA:415,0
DA:417,0
DA:421,0
DA:423,0
DA:425,0
DA:426,0
DA:432,0
DA:433,0
DA:436,0
DA:437,0
DA:440,0
DA:441,0
DA:449,0
DA:452,0
DA:456,0
DA:467,0
DA:472,0
LF:90
LH:0
BRDA:31,1,0,0
BRDA:31,1,1,0
BRDA:43,2,0,0
BRDA:43,2,1,0
BRDA:60,3,0,0
BRDA:60,3,1,0
BRDA:60,4,0,0
BRDA:60,4,1,0
BRDA:60,4,2,0
BRDA:101,5,0,0
BRDA:101,5,1,0
BRDA:101,6,0,0
BRDA:101,6,1,0
BRDA:110,7,0,0
BRDA:110,7,1,0
BRDA:112,8,0,0
BRDA:112,8,1,0
BRDA:112,9,0,0
BRDA:112,9,1,0
BRDA:121,10,0,0
BRDA:121,10,1,0
BRDA:124,11,0,0
BRDA:124,11,1,0
BRDA:128,12,0,0
BRDA:128,12,1,0
BRDA:128,13,0,0
BRDA:128,13,1,0
BRDA:128,13,2,0
BRDA:135,14,0,0
BRDA:135,14,1,0
BRDA:140,15,0,0
BRDA:140,15,1,0
BRDA:140,16,0,0
BRDA:140,16,1,0
BRDA:140,16,2,0
BRDA:140,16,3,0
BRDA:155,17,0,0
BRDA:155,17,1,0
BRDA:155,18,0,0
BRDA:155,18,1,0
BRDA:155,18,2,0
BRDA:169,19,0,0
BRDA:169,19,1,0
BRDA:169,20,0,0
BRDA:169,20,1,0
BRDA:183,21,0,0
BRDA:183,21,1,0
BRDA:183,22,0,0
BRDA:183,22,1,0
BRDA:193,23,0,0
BRDA:193,23,1,0
BRDA:195,24,0,0
BRDA:195,24,1,0
BRDA:197,25,0,0
BRDA:197,25,1,0
BRDA:202,26,0,0
BRDA:202,26,1,0
BRDA:202,27,0,0
BRDA:202,27,1,0
BRDA:202,27,2,0
BRDA:226,28,0,0
BRDA:226,28,1,0
BRDA:226,29,0,0
BRDA:226,29,1,0
BRDA:226,29,2,0
BRDA:229,30,0,0
BRDA:229,30,1,0
BRDA:243,31,0,0
BRDA:243,31,1,0
BRDA:243,32,0,0
BRDA:243,32,1,0
BRDA:253,33,0,0
BRDA:253,33,1,0
BRDA:255,34,0,0
BRDA:255,34,1,0
BRDA:255,35,0,0
BRDA:255,35,1,0
BRDA:264,36,0,0
BRDA:264,36,1,0
BRDA:266,37,0,0
BRDA:266,37,1,0
BRDA:268,38,0,0
BRDA:268,38,1,0
BRDA:290,39,0,0
BRDA:290,39,1,0
BRDA:293,40,0,0
BRDA:293,40,1,0
BRDA:305,41,0,0
BRDA:305,41,1,0
BRDA:308,42,0,0
BRDA:308,42,1,0
BRDA:315,43,0,0
BRDA:315,43,1,0
BRDA:320,44,0,0
BRDA:320,44,1,0
BRDA:320,45,0,0
BRDA:320,45,1,0
BRDA:324,46,0,0
BRDA:324,46,1,0
BRDA:345,47,0,0
BRDA:345,47,1,0
BRDA:348,48,0,0
BRDA:348,48,1,0
BRDA:361,49,0,0
BRDA:361,49,1,0
BRDA:364,50,0,0
BRDA:364,50,1,0
BRDA:378,51,0,0
BRDA:378,51,1,0
BRDA:380,52,0,0
BRDA:380,52,1,0
BRDA:382,53,0,0
BRDA:382,53,1,0
BRDA:398,54,0,0
BRDA:398,54,1,0
BRDA:398,55,0,0
BRDA:398,55,1,0
BRDA:413,56,0,0
BRDA:413,56,1,0
BRDA:415,57,0,0
BRDA:415,57,1,0
BRDA:417,58,0,0
BRDA:417,58,1,0
BRDA:421,59,0,0
BRDA:421,59,1,0
BRDA:423,60,0,0
BRDA:423,60,1,0
BRDA:425,61,0,0
BRDA:425,61,1,0
BRDA:432,62,0,0
BRDA:432,62,1,0
BRDA:433,63,0,0
BRDA:433,63,1,0
BRDA:433,64,0,0
BRDA:433,64,1,0
BRDA:436,65,0,0
BRDA:436,65,1,0
BRDA:437,66,0,0
BRDA:437,66,1,0
BRDA:437,67,0,0
BRDA:437,67,1,0
BRDA:440,68,0,0
BRDA:440,68,1,0
BRDA:441,69,0,0
BRDA:441,69,1,0
BRDA:441,70,0,0
BRDA:441,70,1,0
BRDA:456,71,0,0
BRDA:456,71,1,0
BRDA:472,72,0,0
BRDA:472,72,1,0
BRF:151
BRH:0
end_of_record
TN:
SF:/Users/mery/Rendu/42/Web/red-tetris/red_tetris_boilerplate/src/client/components/Games.js
FN:4,Games
FN:9,getGamesLength
FNF:2
FNH:0
FNDA:0,Games
FNDA:0,getGamesLength
DA:11,0
DA:13,0
DA:19,0
DA:21,0
DA:36,0
LF:5
LH:0
BRDA:13,1,0,0
BRDA:13,1,1,0
BRDA:21,2,0,0
BRDA:21,2,1,0
BRDA:36,3,0,0
BRDA:36,3,1,0
BRF:6
BRH:0
end_of_record
TN:
SF:/Users/mery/Rendu/42/Web/red-tetris/red_tetris_boilerplate/src/client/components/NavBar.js
FN:3,NavBar
FNF:1
FNH:0
FNDA:0,NavBar
LF:0
LH:0
BRF:0
BRH:0
end_of_record
TN:
SF:/Users/mery/Rendu/42/Web/red-tetris/red_tetris_boilerplate/src/client/components/OnBoarding.js
FN:11,OnBoarding
FN:21,(anonymous_7)
FN:22,(anonymous_8)
FN:26,(anonymous_9)
FN:31,selectGame
FN:35,unselectGame
FN:39,handleClick
FN:54,onChangeForm
FNF:8
FNH:0
FNDA:0,OnBoarding
FNDA:0,(anonymous_7)
FNDA:0,(anonymous_8)
FNDA:0,(anonymous_9)
FNDA:0,selectGame
FNDA:0,unselectGame
FNDA:0,handleClick
FNDA:0,onChangeForm
DA:40,0
DA:47,0
DA:48,0
DA:55,0
LF:4
LH:0
BRDA:40,1,0,0
BRDA:40,1,1,0
BRDA:47,2,0,0
BRDA:47,2,1,0
BRDA:55,3,0,0
BRDA:55,3,1,0
BRDA:66,4,0,0
BRDA:71,5,0,0
BRDA:71,5,1,0
BRF:9
BRH:0
end_of_record
TN:
SF:/Users/mery/Rendu/42/Web/red-tetris/red_tetris_boilerplate/src/client/components/Spectrum.js
FN:5,Spectrum
FNF:1
FNH:0
FNDA:0,Spectrum
DA:36,0
DA:38,0
DA:41,0
DA:43,0
LF:4
LH:0
BRDA:38,1,0,0
BRDA:38,1,1,0
BRDA:38,2,0,0
BRDA:38,2,1,0
BRDA:43,3,0,0
BRDA:43,3,1,0
BRF:6
BRH:0
end_of_record
TN:
SF:/Users/mery/Rendu/42/Web/red-tetris/red_tetris_boilerplate/src/client/components/test.js
FN:3,Tetris
FN:9,Board
FNF:2
FNH:0
FNDA:0,Tetris
FNDA:0,Board
LF:0
LH:0
BRF:0
BRH:0
end_of_record
TN:
SF:/Users/mery/Rendu/42/Web/red-tetris/red_tetris_boilerplate/src/client/components/Tetris.js
FN:11,Tetris
FN:24,(anonymous_8)
FN:25,(anonymous_9)
FN:29,(anonymous_10)
FN:34,getUser
FN:43,getUsersPlaying
FN:56,getUsersNotWaiting
FN:69,isGameOver
FN:87,launchGameBoard
FNF:9
FNH:0
FNDA:0,Tetris
FNDA:0,(anonymous_8)
FNDA:0,(anonymous_9)
FNDA:0,(anonymous_10)
FNDA:0,getUser
FNDA:0,getUsersPlaying
FNDA:0,getUsersNotWaiting
FNDA:0,isGameOver
FNDA:0,launchGameBoard
DA:35,0
DA:37,0
DA:45,0
DA:47,0
DA:49,0
DA:58,0
DA:60,0
DA:62,0
DA:71,0
DA:73,0
DA:80,0
DA:93,0
DA:105,0
DA:106,0
DA:114,0
DA:115,0
DA:122,0
DA:123,0
DA:132,0
DA:133,0
LF:20
LH:0
BRDA:37,1,0,0
BRDA:37,1,1,0
BRDA:45,2,0,0
BRDA:45,2,1,0
BRDA:45,3,0,0
BRDA:45,3,1,0
BRDA:49,4,0,0
BRDA:49,4,1,0
BRDA:58,5,0,0
BRDA:58,5,1,0
BRDA:58,6,0,0
BRDA:58,6,1,0
BRDA:62,7,0,0
BRDA:62,7,1,0
BRDA:71,8,0,0
BRDA:71,8,1,0
BRDA:71,9,0,0
BRDA:71,9,1,0
BRDA:73,10,0,0
BRDA:73,10,1,0
BRDA:80,11,0,0
BRDA:80,11,1,0
BRDA:80,12,0,0
BRDA:80,12,1,0
BRDA:80,12,2,0
BRDA:80,12,3,0
BRDA:80,12,4,0
BRDA:93,13,0,0
BRDA:93,13,1,0
BRDA:93,14,0,0
BRDA:93,14,1,0
BRDA:93,14,2,0
BRDA:105,15,0,0
BRDA:105,15,1,0
BRDA:105,16,0,0
BRDA:105,16,1,0
BRDA:114,17,0,0
BRDA:114,17,1,0
BRDA:114,18,0,0
BRDA:114,18,1,0
BRDA:122,19,0,0
BRDA:122,19,1,0
BRDA:122,20,0,0
BRDA:122,20,1,0
BRDA:122,20,2,0
BRDA:132,21,0,0
BRDA:132,21,1,0
BRDA:132,22,0,0
BRDA:132,22,1,0
BRF:49
BRH:0
end_of_record
TN:
SF:/Users/mery/Rendu/42/Web/red-tetris/red_tetris_boilerplate/src/client/containers/app.js
FN:8,App
FN:22,mapStateToProps
FNF:2
FNH:0
FNDA:0,App
FNDA:0,mapStateToProps
LF:0
LH:0
BRF:0
BRH:0
end_of_record
TN:
SF:/Users/mery/Rendu/42/Web/red-tetris/red_tetris_boilerplate/src/client/global.js
FNF:0
FNH:0
LF:0
LH:0
BRF:0
BRH:0
end_of_record
TN:
SF:/Users/mery/Rendu/42/Web/red-tetris/red_tetris_boilerplate/src/client/index.js
FNF:0
FNH:0
LF:0
LH:0
BRF:0
BRH:0
end_of_record
TN:
SF:/Users/mery/Rendu/42/Web/red-tetris/red_tetris_boilerplate/src/client/middleware/storeStateMiddleWare.js
FN:1,storeStateMiddleWare
FN:2,(anonymous_3)
FNF:2
FNH:0
FNDA:0,storeStateMiddleWare
FNDA:0,(anonymous_3)
LF:0
LH:0
BRF:0
BRH:0
end_of_record
TN:
SF:/Users/mery/Rendu/42/Web/red-tetris/red_tetris_boilerplate/src/client/reducers/alert.js
FN:3,reducer
FNF:1
FNH:0
FNDA:0,reducer
LF:0
LH:0
BRDA:3,1,0,0
BRDA:3,1,1,0
BRDA:3,2,0,0
BRDA:3,2,1,0
BRDA:5,3,0,0
BRDA:5,3,1,0
BRDA:5,3,2,0
BRDA:5,3,3,0
BRDA:5,3,4,0
BRF:9
BRH:0
end_of_record
TN:
SF:/Users/mery/Rendu/42/Web/red-tetris/red_tetris_boilerplate/src/client/reducers/index.js
FNF:0
FNH:0
LF:0
LH:0
BRF:0
BRH:0
end_of_record
TN:
SF:/Users/mery/Rendu/42/Web/red-tetris/red_tetris_boilerplate/src/client/services/GameService.js
FN:8,GameService
FN:12,(anonymous_3)
FN:22,(anonymous_4)
FN:27,launchGame
FN:31,getNewPiece
FN:35,gameOver
FN:39,sendBlocks
FN:43,sendLines
FN:47,resetGame
FN:51,getSocketRef
FNF:10
FNH:0
FNDA:0,GameService
FNDA:0,(anonymous_3)
FNDA:0,(anonymous_4)
FNDA:0,launchGame
FNDA:0,getNewPiece
FNDA:0,gameOver
FNDA:0,sendBlocks
FNDA:0,sendLines
FNDA:0,resetGame
FNDA:0,getSocketRef
LF:0
LH:0
BRF:0
BRH:0
end_of_record
TN:
SF:/Users/mery/Rendu/42/Web/red-tetris/red_tetris_boilerplate/src/client/services/GamesService.js
FN:11,GamesService
FN:15,(anonymous_3)
FN:22,(anonymous_4)
FN:27,getGameId
FN:31,getSocketRef
FNF:5
FNH:0
FNDA:0,GamesService
FNDA:0,(anonymous_3)
FNDA:0,(anonymous_4)
FNDA:0,getGameId
FNDA:0,getSocketRef
LF:0
LH:0
BRF:0
BRH:0
end_of_record
TN:
SF:/Users/mery/Rendu/42/Web/red-tetris/red_tetris_boilerplate/src/server/classes/Game.js
FN:4,Game
FN:45,(anonymous_13)
FN:51,(anonymous_15)
FN:57,(anonymous_17)
FN:64,(anonymous_19)
FN:71,(anonymous_21)
FNF:6
FNH:0
FNDA:0,Game
FNDA:0,(anonymous_13)
FNDA:0,(anonymous_15)
FNDA:0,(anonymous_17)
FNDA:0,(anonymous_19)
FNDA:0,(anonymous_21)
DA:4,2
DA:13,0
DA:20,0
DA:21,0
DA:30,0
DA:32,0
DA:58,0
DA:65,0
DA:72,0
LF:9
LH:1
BRDA:13,1,0,0
BRDA:13,1,1,0
BRDA:21,2,0,0
BRDA:21,2,1,0
BRDA:30,3,0,0
BRDA:30,3,1,0
BRDA:32,4,0,0
BRDA:32,4,1,0
BRDA:32,5,0,0
BRDA:32,5,1,0
BRDA:58,6,0,0
BRDA:58,6,1,0
BRDA:65,7,0,0
BRDA:65,7,1,0
BRDA:72,8,0,0
BRDA:72,8,1,0
BRF:16
BRH:0
end_of_record
TN:
SF:/Users/mery/Rendu/42/Web/red-tetris/red_tetris_boilerplate/src/server/classes/Piece.js
FN:4,Piece
FNF:1
FNH:0
FNDA:0,Piece
LF:0
LH:0
BRF:0
BRH:0
end_of_record
TN:
SF:/Users/mery/Rendu/42/Web/red-tetris/red_tetris_boilerplate/src/server/classes/User.js
FN:2,User
FNF:1
FNH:0
FNDA:0,User
DA:2,2
LF:1
LH:1
BRF:0
BRH:0
end_of_record
TN:
SF:/Users/mery/Rendu/42/Web/red-tetris/red_tetris_boilerplate/src/server/index.js
FN:10,initApp
FN:12,handler
FN:14,(anonymous_4)
FN:27,(anonymous_5)
FN:33,initEngine
FN:39,(anonymous_7)
FN:50,(anonymous_8)
FN:58,create
FN:59,(anonymous_10)
FN:61,(anonymous_11)
FN:63,stop
FN:65,(anonymous_13)
FNF:12
FNH:0
FNDA:0,initApp
FNDA:0,handler
FNDA:0,(anonymous_4)
FNDA:0,(anonymous_5)
FNDA:0,initEngine
FNDA:0,(anonymous_7)
FNDA:0,(anonymous_8)
FNDA:0,create
FNDA:0,(anonymous_10)
FNDA:0,(anonymous_11)
FNDA:0,stop
FNDA:0,(anonymous_13)
DA:15,0
DA:58,2
LF:2
LH:1
BRDA:13,1,0,0
BRDA:13,1,1,0
BRDA:15,2,0,0
BRDA:15,2,1,0
BRF:4
BRH:0
end_of_record
TN:
SF:/Users/mery/Rendu/42/Web/red-tetris/red_tetris_boilerplate/src/server/ioConnect.js
FN:10,(anonymous_2)
FN:13,(anonymous_3)
FN:63,(anonymous_4)
FNF:3
FNH:0
FNDA:0,(anonymous_2)
FNDA:0,(anonymous_3)
FNDA:0,(anonymous_4)
DA:14,0
DA:19,0
DA:22,0
DA:24,0
DA:30,0
DA:66,0
DA:69,0
DA:72,0
LF:8
LH:0
BRDA:14,1,0,0
BRDA:14,1,1,0
BRDA:19,2,0,0
BRDA:19,2,1,0
BRDA:19,3,0,0
BRDA:19,3,1,0
BRDA:22,4,0,0
BRDA:22,4,1,0
BRDA:24,5,0,0
BRDA:24,5,1,0
BRDA:30,6,0,0
BRDA:30,6,1,0
BRDA:66,7,0,0
BRDA:66,7,1,0
BRDA:66,8,0,0
BRDA:66,8,1,0
BRDA:69,9,0,0
BRDA:69,9,1,0
BRDA:72,10,0,0
BRDA:72,10,1,0
BRF:20
BRH:0
end_of_record
TN:
SF:/Users/mery/Rendu/42/Web/red-tetris/red_tetris_boilerplate/src/server/ioController.js
FN:9,(anonymous_2)
FN:30,(anonymous_3)
FN:39,(anonymous_4)
FN:43,(anonymous_5)
FN:54,(anonymous_6)
FN:61,(anonymous_7)
FN:69,(anonymous_8)
FN:82,(anonymous_9)
FN:95,(anonymous_10)
FN:108,(anonymous_11)
FN:117,(anonymous_12)
FNF:11
FNH:0
FNDA:0,(anonymous_2)
FNDA:0,(anonymous_3)
FNDA:0,(anonymous_4)
FNDA:0,(anonymous_5)
FNDA:0,(anonymous_6)
FNDA:0,(anonymous_7)
FNDA:0,(anonymous_8)
FNDA:0,(anonymous_9)
FNDA:0,(anonymous_10)
FNDA:0,(anonymous_11)
FNDA:0,(anonymous_12)
DA:13,0
DA:21,0
DA:31,0
DA:34,0
DA:45,0
DA:56,0
DA:62,0
DA:70,0
DA:73,0
DA:75,0
DA:83,0
DA:86,0
DA:88,0
DA:96,0
DA:99,0
DA:101,0
DA:109,0
DA:112,0
DA:118,0
DA:121,0
LF:20
LH:0
BRDA:21,1,0,0
BRDA:21,1,1,0
BRDA:21,2,0,0
BRDA:21,2,1,0
BRDA:21,2,2,0
BRDA:31,3,0,0
BRDA:31,3,1,0
BRDA:31,4,0,0
BRDA:31,4,1,0
BRDA:34,5,0,0
BRDA:34,5,1,0
BRDA:45,6,0,0
BRDA:45,6,1,0
BRDA:56,7,0,0
BRDA:56,7,1,0
BRDA:62,8,0,0
BRDA:62,8,1,0
BRDA:70,9,0,0
BRDA:70,9,1,0
BRDA:70,10,0,0
BRDA:70,10,1,0
BRDA:73,11,0,0
BRDA:73,11,1,0
BRDA:75,12,0,0
BRDA:75,12,1,0
BRDA:83,13,0,0
BRDA:83,13,1,0
BRDA:83,14,0,0
BRDA:83,14,1,0
BRDA:86,15,0,0
BRDA:86,15,1,0
BRDA:88,16,0,0
BRDA:88,16,1,0
BRDA:96,17,0,0
BRDA:96,17,1,0
BRDA:96,18,0,0
BRDA:96,18,1,0
BRDA:99,19,0,0
BRDA:99,19,1,0
BRDA:101,20,0,0
BRDA:101,20,1,0
BRDA:109,21,0,0
BRDA:109,21,1,0
BRDA:109,22,0,0
BRDA:109,22,1,0
BRDA:112,23,0,0
BRDA:112,23,1,0
BRDA:118,24,0,0
BRDA:118,24,1,0
BRDA:118,25,0,0
BRDA:118,25,1,0
BRDA:121,26,0,0
BRDA:121,26,1,0
BRF:53
BRH:0
end_of_record
TN:
SF:/Users/mery/Rendu/42/Web/red-tetris/red_tetris_boilerplate/src/server/ioRoutes.js
FN:20,(anonymous_2)
FN:21,(anonymous_3)
FN:26,(anonymous_4)
FN:30,(anonymous_5)
FN:34,(anonymous_6)
FN:40,(anonymous_7)
FN:44,(anonymous_8)
FN:55,(anonymous_9)
FN:61,(anonymous_10)
FN:66,(anonymous_11)
FNF:10
FNH:0
FNDA:0,(anonymous_2)
FNDA:0,(anonymous_3)
FNDA:0,(anonymous_4)
FNDA:0,(anonymous_5)
FNDA:0,(anonymous_6)
FNDA:0,(anonymous_7)
FNDA:0,(anonymous_8)
FNDA:0,(anonymous_9)
FNDA:0,(anonymous_10)
FNDA:0,(anonymous_11)
DA:47,0
LF:1
LH:0
BRDA:47,1,0,0
BRDA:47,1,1,0
BRF:2
BRH:0
end_of_record
TN:
SF:/Users/mery/Rendu/42/Web/red-tetris/red_tetris_boilerplate/src/server/main.js
FNF:0
FNH:0
LF:0
LH:0
BRF:0
BRH:0
end_of_record
TN:
SF:/Users/mery/Rendu/42/Web/red-tetris/red_tetris_boilerplate/src/server/tools.js
FN:1,(anonymous_1)
FN:9,(anonymous_2)
FN:20,(anonymous_3)
FN:31,(anonymous_4)
FN:47,(anonymous_5)
FNF:5
FNH:0
FNDA:0,(anonymous_1)
FNDA:0,(anonymous_2)
FNDA:0,(anonymous_3)
FNDA:0,(anonymous_4)
FNDA:0,(anonymous_5)
DA:2,0
DA:3,0
DA:10,0
DA:12,0
DA:13,0
DA:21,0
DA:23,0
DA:24,0
DA:33,0
DA:37,0
DA:39,0
DA:49,0
DA:51,0
LF:13
LH:0
BRDA:3,1,0,0
BRDA:3,1,1,0
BRDA:10,2,0,0
BRDA:10,2,1,0
BRDA:10,3,0,0
BRDA:10,3,1,0
BRDA:13,4,0,0
BRDA:13,4,1,0
BRDA:21,5,0,0
BRDA:21,5,1,0
BRDA:21,6,0,0
BRDA:21,6,1,0
BRDA:24,7,0,0
BRDA:24,7,1,0
BRDA:33,8,0,0
BRDA:33,8,1,0
BRDA:39,9,0,0
BRDA:39,9,1,0
BRDA:51,10,0,0
BRDA:51,10,1,0
BRF:20
BRH:0
end_of_record
